<?xml version="1.0" encoding="UTF-8"?>
<!-- Generated by org.testng.reporters.JUnitReportReporter -->
<testsuite hostname="Tanujs-MacBook-Air.local" failures="0" tests="1" name="SumValidation" time="1.791" errors="0" timestamp="2023-05-08T00:05:14 IST" skipped="0">
  <testcase classname="SumValidation" name="totalAmountPurchased" time="1.791"/>
  <system-out/>
</testsuite> <!-- SumValidation -->
