<?xml version="1.0" encoding="UTF-8"?>
<!-- Generated by org.testng.reporters.JUnitReportReporter -->
<testsuite hostname="Tanujs-MacBook-Air.local" failures="0" tests="3" name="files.DynamicJson" time="3.309" errors="0" timestamp="2023-05-08T01:26:33 IST" skipped="0">
  <testcase classname="files.DynamicJson" name="addBook" time="0.181"/>
  <system-out/>
  <testcase classname="files.DynamicJson" name="addBook" time="0.159"/>
  <system-out/>
  <testcase classname="files.DynamicJson" name="addBook" time="2.969"/>
  <system-out/>
</testsuite> <!-- files.DynamicJson -->
